<?xml version="1.0" encoding="UTF-8"?>
<!-- Generated by org.testng.reporters.JUnitXMLReporter -->
<testsuite hostname="Mark-PC" ignored="6" name="Test" tests="11" failures="0" timestamp="2022-07-04T22:40:03 GMT+02:00" time="278.668" errors="0">
  <testcase name="OpenCareersPage_TC" time="27.716" classname="Website.MusalaSoft.CareerSubmit"/>
  <testcase name="OpenCareersPage_TC" time="34.856" classname="Website.MusalaSoft.FilterCareers"/>
  <testcase name="OpenContactUsForm_TC" time="0.335" classname="Website.MusalaSoft.ContactUs"/>
  <testcase name="VerifyCompanyLink_TC" time="11.961" classname="Website.MusalaSoft.ProfilePicture"/>
  <testcase name="FilterCareersByLocation" time="9.881" classname="Website.MusalaSoft.FilterCareers"/>
  <testcase name="VerifyContactForm_TC" time="23.942" classname="Website.MusalaSoft.ContactUs"/>
  <testcase name="VerifyJoinUsPage_TC" time="8.001" classname="Website.MusalaSoft.CareerSubmit"/>
  <testcase name="VerifyLeadershipSection_TC" time="0.12" classname="Website.MusalaSoft.ProfilePicture"/>
  <testcase name="VerifyFacebookProfilePicture_TC" time="6.035" classname="Website.MusalaSoft.ProfilePicture"/>
  <testcase name="VerifyQAPosition_TC" time="7.882" classname="Website.MusalaSoft.CareerSubmit"/>
  <testcase name="VerifyCareerApplyForm_TC" time="35.086" classname="Website.MusalaSoft.CareerSubmit"/>
  <testcase name="@BeforeTest beforeTest" time="0.0" classname="Website.MusalaSoft.Base">
    <ignored/>
  </testcase> <!-- @BeforeTest beforeTest -->
  <testcase name="@BeforeTest beforeTest" time="0.0" classname="Website.MusalaSoft.Base">
    <ignored/>
  </testcase> <!-- @BeforeTest beforeTest -->
  <testcase name="@BeforeTest beforeTest" time="0.0" classname="Website.MusalaSoft.Base">
    <ignored/>
  </testcase> <!-- @BeforeTest beforeTest -->
  <testcase name="@AfterTest afterTest" time="0.0" classname="Website.MusalaSoft.Base">
    <ignored/>
  </testcase> <!-- @AfterTest afterTest -->
  <testcase name="@AfterTest afterTest" time="0.0" classname="Website.MusalaSoft.Base">
    <ignored/>
  </testcase> <!-- @AfterTest afterTest -->
  <testcase name="@AfterTest afterTest" time="0.0" classname="Website.MusalaSoft.Base">
    <ignored/>
  </testcase> <!-- @AfterTest afterTest -->
</testsuite> <!-- Test -->
